[2020-08-15 01:07:22] testing.DEBUG: array (
  'link' => 'https://link.happipay.mx/MTFJLWDY',
  'status' => 'success',
  'idLink' => 'MTFJLWDY',
)  
[2020-08-15 01:07:34] testing.DEBUG: array (
  'status' => 'error',
  'title' => 'D치tos no v치lidos',
  'msg' => 'Por favor revise los siguientes datos:',
  'data' => 
  array (
    0 => 
    array (
      'msg' => 'Ingrese la  [ref]',
    ),
    1 => 
    array (
      'msg' => 'Ingrese el [amount]',
    ),
    2 => 
    array (
      'msg' => 'Ingrese el [currency]',
    ),
    3 => 
    array (
      'msg' => 'Ingrese el [notificar]',
    ),
    4 => 
    array (
      'msg' => 'Ingrese el tipo de [seguridad]',
    ),
    5 => 
    array (
      'msg' => 'Ingrese el tipo pago (C,3,6,9,12,18) y (10,15) solo para AMEX',
    ),
  ),
)  
[2020-08-15 01:08:20] testing.DEBUG: array (
  'status' => 'error',
  'title' => 'D치tos no v치lidos',
  'msg' => 'Por favor revise los siguientes datos:',
  'data' => 
  array (
    0 => 
    array (
      'msg' => 'Ingrese la  [ref]',
    ),
    1 => 
    array (
      'msg' => 'Ingrese el [amount]',
    ),
    2 => 
    array (
      'msg' => 'Ingrese el [currency]',
    ),
    3 => 
    array (
      'msg' => 'Ingrese el [notificar]',
    ),
    4 => 
    array (
      'msg' => 'Ingrese el tipo de [seguridad]',
    ),
    5 => 
    array (
      'msg' => 'Ingrese el tipo pago (C,3,6,9,12,18) y (10,15) solo para AMEX',
    ),
  ),
)  
[2020-08-15 01:08:43] testing.DEBUG: array (
  'link' => 'https://link.happipay.mx/TANRPSYG',
  'status' => 'success',
  'idLink' => 'TANRPSYG',
)  
[2020-08-15 09:04:49] testing.DEBUG: array (
  'link' => 'https://link.happipay.mx/MVPOZIZT',
  'status' => 'success',
  'idLink' => 'MVPOZIZT',
)  
[2020-08-15 09:11:34] testing.DEBUG: Client error: `POST https://link.happipay.mx/generar` resulted in a `401 Unauthorized` response:
Authentication failed
  
[2020-08-15 09:12:27] testing.DEBUG: Client error: `POST https://link.happipay.mx/generar` resulted in a `401 Unauthorized` response:
Authentication failed
  
[2020-08-15 09:13:08] testing.DEBUG: URI must be a string or UriInterface  
[2020-08-15 09:13:20] testing.DEBUG: URI must be a string or UriInterface  
[2020-08-15 09:14:31] testing.DEBUG: array (
  'link' => 'https://link.happipay.mx/KJQTLRPH',
  'status' => 'success',
  'idLink' => 'KJQTLRPH',
)  
[2020-08-15 12:14:29] testing.DEBUG: array (
  'link' => 'https://link.happipay.mx/IRSXPAGI',
  'status' => 'success',
  'idLink' => 'IRSXPAGI',
)  
